<?xml version="1.0" encoding="UTF-8"?>
<!-- Generated by org.testng.reporters.JUnitXMLReporter -->
<testsuite ignored="0" hostname="LAPTOP-QUOMNJ5A" failures="0" tests="0" name="Test" time="0.206" errors="0" timestamp="21 Jul 2024 03:16:32 GMT">
  <testcase classname="cucumber.api.testng.AbstractTestNGCucumberTests" name="@BeforeClass setUpClass" time="0.02">
    <failure type="java.lang.NoClassDefFoundError" message="cucumber/runner/EventBus">
      <![CDATA[java.lang.NoClassDefFoundError: cucumber/runner/EventBus
at cucumber.api.testng.AbstractTestNGCucumberTests.setUpClass(AbstractTestNGCucumberTests.java:16)
at java.base/java.util.concurrent.ThreadPoolExecutor.runWorker(ThreadPoolExecutor.java:1130)
at java.base/java.util.concurrent.ThreadPoolExecutor$Worker.run(ThreadPoolExecutor.java:630)
at java.base/java.lang.Thread.run(Thread.java:831)
Caused by: java.lang.ClassNotFoundException: cucumber.runner.EventBus
at java.base/jdk.internal.loader.BuiltinClassLoader.loadClass(BuiltinClassLoader.java:636)
at java.base/jdk.internal.loader.ClassLoaders$AppClassLoader.loadClass(ClassLoaders.java:182)
at java.base/java.lang.ClassLoader.loadClass(ClassLoader.java:519)
... 15 more
... Removed 11 stack frames]]>
    </failure>
  </testcase> <!-- @BeforeClass setUpClass -->
</testsuite> <!-- Test -->
