<?xml version="1.0" encoding="UTF-8"?>
<testng-results ignored="0" total="1" passed="1" failed="0" skipped="0">
  <reporter-output>
  </reporter-output>
  <suite started-at="2025-08-21T18:22:44 IST" name="Suite" finished-at="2025-08-21T18:22:49 IST" duration-ms="5262">
    <groups>
      <group name="cucumber">
        <method signature="AbstractTestNGCucumberTests.runScenario(io.cucumber.testng.PickleWrapper,io.cucumber.testng.FeatureWrapper)[pri:0, instance:com.WynkMusic.Runner.TestRunner@4550bb58]" name="runScenario" class="io.cucumber.testng.AbstractTestNGCucumberTests"/>
      </group> <!-- cucumber -->
    </groups>
    <test started-at="2025-08-21T18:22:44 IST" name="Test" finished-at="2025-08-21T18:22:49 IST" duration-ms="5262">
      <class name="com.WynkMusic.Runner.TestRunner">
        <test-method is-config="true" signature="setUpClass(org.testng.ITestContext)[pri:0, instance:com.WynkMusic.Runner.TestRunner@4550bb58]" started-at="2025-08-21T18:22:44 IST" name="setUpClass" finished-at="2025-08-21T18:22:45 IST" duration-ms="548" status="PASS">
          <params>
            <param index="0">
              <value>
                <![CDATA[org.testng.TestRunner@7a675056]]>
              </value>
            </param>
          </params>
          <reporter-output>
          </reporter-output>
        </test-method> <!-- setUpClass -->
        <test-method signature="runScenario(io.cucumber.testng.PickleWrapper,io.cucumber.testng.FeatureWrapper)[pri:0, instance:com.WynkMusic.Runner.TestRunner@4550bb58]" started-at="2025-08-21T18:22:45 IST" name="runScenario" description="Runs Cucumber Scenarios" data-provider="scenarios" finished-at="2025-08-21T18:22:49 IST" duration-ms="4649" status="PASS">
          <params>
            <param index="0">
              <value>
                <![CDATA["Navigate to WynkMusic and Play music and stop music"]]>
              </value>
            </param>
            <param index="1">
              <value>
                <![CDATA["Play Music Stop Music"]]>
              </value>
            </param>
          </params>
          <reporter-output>
          </reporter-output>
        </test-method> <!-- runScenario -->
        <test-method is-config="true" signature="tearDownClass()[pri:0, instance:com.WynkMusic.Runner.TestRunner@4550bb58]" started-at="2025-08-21T18:22:49 IST" name="tearDownClass" finished-at="2025-08-21T18:22:49 IST" duration-ms="21" status="PASS">
          <reporter-output>
          </reporter-output>
        </test-method> <!-- tearDownClass -->
      </class> <!-- com.WynkMusic.Runner.TestRunner -->
    </test> <!-- Test -->
  </suite> <!-- Suite -->
</testng-results>
