<?xml version="1.0" encoding="UTF-8"?>
<testng-results ignored="0" total="1" passed="1" failed="0" skipped="0">
  <reporter-output>
  </reporter-output>
  <suite started-at="2025-08-21T21:54:20 IST" name="Default suite" finished-at="2025-08-21T21:55:15 IST" duration-ms="54273">
    <groups>
      <group name="cucumber">
        <method signature="AbstractTestNGCucumberTests.runScenario(io.cucumber.testng.PickleWrapper,io.cucumber.testng.FeatureWrapper)[pri:0, instance:com.WynkMusic.Runner.TestRunner@477b4cdf]" name="runScenario" class="io.cucumber.testng.AbstractTestNGCucumberTests"/>
      </group> <!-- cucumber -->
    </groups>
    <test started-at="2025-08-21T21:54:20 IST" name="Default test" finished-at="2025-08-21T21:55:15 IST" duration-ms="54273">
      <class name="com.WynkMusic.Runner.TestRunner">
        <test-method is-config="true" signature="setUpClass(org.testng.ITestContext)[pri:0, instance:com.WynkMusic.Runner.TestRunner@477b4cdf]" started-at="2025-08-21T21:54:21 IST" name="setUpClass" finished-at="2025-08-21T21:54:21 IST" duration-ms="838" status="PASS">
          <params>
            <param index="0">
              <value>
                <![CDATA[org.testng.TestRunner@36fcf6c0]]>
              </value>
            </param>
          </params>
          <reporter-output>
          </reporter-output>
        </test-method> <!-- setUpClass -->
        <test-method signature="runScenario(io.cucumber.testng.PickleWrapper,io.cucumber.testng.FeatureWrapper)[pri:0, instance:com.WynkMusic.Runner.TestRunner@477b4cdf]" started-at="2025-08-21T21:54:21 IST" name="runScenario" description="Runs Cucumber Scenarios" data-provider="scenarios" finished-at="2025-08-21T21:55:15 IST" duration-ms="53355" status="PASS">
          <params>
            <param index="0">
              <value>
                <![CDATA["Navigate to WynkMusic and Play music and stop music"]]>
              </value>
            </param>
            <param index="1">
              <value>
                <![CDATA["Play Music Stop Music"]]>
              </value>
            </param>
          </params>
          <reporter-output>
          </reporter-output>
        </test-method> <!-- runScenario -->
        <test-method is-config="true" signature="tearDownClass()[pri:0, instance:com.WynkMusic.Runner.TestRunner@477b4cdf]" started-at="2025-08-21T21:55:15 IST" name="tearDownClass" finished-at="2025-08-21T21:55:15 IST" duration-ms="29" status="PASS">
          <reporter-output>
          </reporter-output>
        </test-method> <!-- tearDownClass -->
      </class> <!-- com.WynkMusic.Runner.TestRunner -->
    </test> <!-- Default test -->
  </suite> <!-- Default suite -->
</testng-results>
